<?xml version="1.0" encoding="UTF-8"?>
<!-- Generated by org.testng.reporters.JUnitReportReporter -->
<testsuite hostname="MGK-PC" failures="0" tests="1" name="com.amazon.qa.testcases.HomePageTest" time="3.383" errors="0" timestamp="21 Apr 2019 06:58:44 GMT" skipped="0">
  <testcase classname="com.amazon.qa.testcases.HomePageTest" name="validateLogo" time="3.383"/>
</testsuite> <!-- com.amazon.qa.testcases.HomePageTest -->
